<?xml version="1.0" encoding="UTF-8"?>
<!-- Generated by org.testng.reporters.JUnitReportReporter -->
<testsuite hostname="LAPTOP-ILMONSRF" failures="0" tests="1" name="com.testcases.addinventrytest" time="31.318" errors="0" timestamp="2023-10-16T16:01:00 IST" skipped="0">
  <testcase classname="com.testcases.addinventrytest" name="loginvalidation" time="31.318"/>
</testsuite> <!-- com.testcases.addinventrytest -->
