<?xml version="1.0" encoding="UTF-8"?>
<!-- Generated by org.testng.reporters.JUnitReportReporter -->
<testsuite hostname="LAPTOP-ILMONSRF" failures="0" tests="1" name="com.testcases.Loginfunctionalitytest" time="20.570" errors="0" timestamp="2023-10-16T12:56:03 IST" skipped="0">
  <testcase classname="com.testcases.Loginfunctionalitytest" name="loginvalidation" time="20.570"/>
</testsuite> <!-- com.testcases.Loginfunctionalitytest -->
