<?xml version="1.0" encoding="UTF-8"?>
<!-- Generated by org.testng.reporters.JUnitReportReporter -->
<testsuite hostname="DESKTOP-4OO5P2T" failures="0" tests="1" name="com.testcases.addinventrytest" time="35.035" errors="0" timestamp="2023-11-28T10:49:21 IST" skipped="0">
  <testcase classname="com.testcases.addinventrytest" name="loginvalidation" time="35.035"/>
</testsuite> <!-- com.testcases.addinventrytest -->
